<?xml version="1.0" encoding="UTF-8"?>
<!-- Generated by org.testng.reporters.JUnitReportReporter -->
<testsuite skipped="0" hostname="DESKTOP-D7PUHMF" name="com.trainline.qa.tests.TicketFareTest" tests="1" failures="0" timestamp="26 Jan 2019 14:38:51 GMT" time="53.438" errors="0">
  <testcase name="verifyTicketFare" time="53.438" classname="com.trainline.qa.tests.TicketFareTest"/>
</testsuite> <!-- com.trainline.qa.tests.TicketFareTest -->
