<?xml version="1.0" encoding="UTF-8"?>
<!-- Generated by org.testng.reporters.JUnitReportReporter -->
<testsuite skipped="0" hostname="DESKTOP-D7PUHMF" name="com.trainline.qa.tests.TicketFareTest" tests="1" failures="0" timestamp="16 Feb 2019 11:16:25 GMT" time="50.188" errors="0">
  <testcase name="verifyTicketFare" time="50.188" classname="com.trainline.qa.tests.TicketFareTest"/>
</testsuite> <!-- com.trainline.qa.tests.TicketFareTest -->
