<?xml version="1.0" encoding="UTF-8"?>
<!-- Generated by org.testng.reporters.JUnitReportReporter -->
<testsuite skipped="0" hostname="DESKTOP-D7PUHMF" name="com.qa.tests.TicketFareTest" tests="1" failures="0" timestamp="05 Oct 2018 04:20:57 GMT" time="65.011" errors="0">
  <testcase name="verifyTicketFare" time="65.011" classname="com.qa.tests.TicketFareTest"/>
</testsuite> <!-- com.qa.tests.TicketFareTest -->
