<?xml version="1.0" encoding="UTF-8"?>
<!-- Generated by org.testng.reporters.JUnitReportReporter -->
<testsuite skipped="0" hostname="DESKTOP-D7PUHMF" name="com.trainline.qa.tests.TicketFareTest" tests="1" failures="0" timestamp="28 Nov 2018 05:52:24 GMT" time="57.168" errors="0">
  <testcase name="verifyTicketFare" time="57.168" classname="com.trainline.qa.tests.TicketFareTest"/>
</testsuite> <!-- com.trainline.qa.tests.TicketFareTest -->
