<?xml version="1.0" encoding="UTF-8"?>
<!-- Generated by org.testng.reporters.JUnitReportReporter -->
<testsuite skipped="0" hostname="DESKTOP-D7PUHMF" name="com.qa.tests.TicketFareTest" tests="1" failures="0" timestamp="27 Jul 2018 10:18:33 GMT" time="54.536" errors="0">
  <testcase name="verifyTicketFare" time="54.536" classname="com.qa.tests.TicketFareTest"/>
</testsuite> <!-- com.qa.tests.TicketFareTest -->
